25-12-09 20:44:00.640  [background-preinit]  INFO   o.h.validator.internal.util.Version  -HV000001: Hibernate Validator 8.0.3.Final  
25-12-09 20:44:00.707  [main]  INFO   c.a.ecommerce.CustomerApplication  -Starting CustomerApplication using Java 21.0.8 with PID 19152 (C:\Users\adnan\IdeaProjects\Invilen-java\service1\customer\target\classes started by adnan in C:\Users\adnan\IdeaProjects\Invilen-java)  
25-12-09 20:44:00.708  [main]  INFO   c.a.ecommerce.CustomerApplication  -No active profile set, falling back to 1 default profile: "default"  
25-12-09 20:44:00.756  [main]  INFO   o.s.c.c.c.ConfigServerConfigDataLoader  -Fetching config from server at : http://localhost:8888  
25-12-09 20:44:00.757  [main]  INFO   o.s.c.c.c.ConfigServerConfigDataLoader  -Located environment: name=customer-service, profiles=[default], label=null, version=null, state=null  
25-12-09 20:44:01.430  [main]  INFO   o.s.d.r.c.RepositoryConfigurationDelegate  -Bootstrapping Spring Data MongoDB repositories in DEFAULT mode.  
25-12-09 20:44:01.570  [main]  INFO   o.s.d.r.c.RepositoryConfigurationDelegate  -Finished Spring Data repository scanning in 125 ms. Found 1 MongoDB repository interface.  
25-12-09 20:44:01.759  [main]  INFO   o.s.cloud.context.scope.GenericScope  -BeanFactory id=32ad7e78-b172-3073-90d1-77fd6bab135f  
25-12-09 20:44:02.109  [main]  INFO   o.s.b.w.e.tomcat.TomcatWebServer  -Tomcat initialized with port 8090 (http)  
25-12-09 20:44:02.120  [main]  INFO   o.a.coyote.http11.Http11NioProtocol  -Initializing ProtocolHandler ["http-nio-8090"]  
25-12-09 20:44:02.123  [main]  INFO   o.a.catalina.core.StandardService  -Starting service [Tomcat]  
25-12-09 20:44:02.123  [main]  INFO   o.a.catalina.core.StandardEngine  -Starting Servlet engine: [Apache Tomcat/10.1.44]  
25-12-09 20:44:02.197  [main]  INFO   o.a.c.c.C.[Tomcat].[localhost].[/]  -Initializing Spring embedded WebApplicationContext  
25-12-09 20:44:02.197  [main]  INFO   o.s.b.w.s.c.ServletWebServerApplicationContext  -Root WebApplicationContext: initialization completed in 1438 ms  
25-12-09 20:44:02.487  [main]  INFO   org.mongodb.driver.client  -MongoClient with metadata {"driver": {"name": "mongo-java-driver|sync|spring-boot", "version": "5.5.1"}, "os": {"type": "Windows", "name": "Windows 11", "architecture": "amd64", "version": "10.0"}, "platform": "Java/OpenLogic/21.0.8+9-adhoc.Administrator.jdk21u"} created with settings MongoClientSettings{readPreference=primary, writeConcern=WriteConcern{w=null, wTimeout=null ms, journal=null}, retryWrites=true, retryReads=true, readConcern=ReadConcern{level=null}, credential=MongoCredential{mechanism=null, userName='adnan', source='admin', password=<hidden>, mechanismProperties=<hidden>}, transportSettings=null, commandListeners=[], codecRegistry=ProvidersCodecRegistry{codecProviders=[ValueCodecProvider{}, BsonValueCodecProvider{}, DBRefCodecProvider{}, DBObjectCodecProvider{}, DocumentCodecProvider{}, CollectionCodecProvider{}, IterableCodecProvider{}, MapCodecProvider{}, GeoJsonCodecProvider{}, GridFSFileCodecProvider{}, Jsr310CodecProvider{}, JsonObjectCodecProvider{}, BsonCodecProvider{}, EnumCodecProvider{}, com.mongodb.client.model.mql.ExpressionCodecProvider@30af23fd, com.mongodb.Jep395RecordCodecProvider@65fc8edc, com.mongodb.KotlinCodecProvider@a357c3e]}, loggerSettings=LoggerSettings{maxDocumentLength=1000}, clusterSettings={hosts=[localhost:27018], srvServiceName=mongodb, mode=SINGLE, requiredClusterType=UNKNOWN, requiredReplicaSetName='null', serverSelector='null', clusterListeners='[]', serverSelectionTimeout='30000 ms', localThreshold='15 ms'}, socketSettings=SocketSettings{connectTimeoutMS=10000, readTimeoutMS=0, receiveBufferSize=0, proxySettings=ProxySettings{host=null, port=null, username=null, password=null}}, heartbeatSocketSettings=SocketSettings{connectTimeoutMS=10000, readTimeoutMS=10000, receiveBufferSize=0, proxySettings=ProxySettings{host=null, port=null, username=null, password=null}}, connectionPoolSettings=ConnectionPoolSettings{maxSize=100, minSize=0, maxWaitTimeMS=120000, maxConnectionLifeTimeMS=0, maxConnectionIdleTimeMS=0, maintenanceInitialDelayMS=0, maintenanceFrequencyMS=60000, connectionPoolListeners=[], maxConnecting=2}, serverSettings=ServerSettings{heartbeatFrequencyMS=10000, minHeartbeatFrequencyMS=500, serverMonitoringMode=AUTO, serverListeners='[]', serverMonitorListeners='[]'}, sslSettings=SslSettings{enabled=false, invalidHostNameAllowed=false, context=null}, applicationName='null', compressorList=[], uuidRepresentation=JAVA_LEGACY, serverApi=null, autoEncryptionSettings=null, dnsClient=null, inetAddressResolver=null, contextProvider=null, timeoutMS=null}  
25-12-09 20:44:02.500  [cluster-ClusterId{value='69383cba3d4d3c108e4790bf', description='null'}-localhost:27018]  INFO   org.mongodb.driver.cluster  -Monitor thread successfully connected to server with description ServerDescription{address=localhost:27018, type=STANDALONE, cryptd=false, state=CONNECTED, ok=true, minWireVersion=0, maxWireVersion=27, maxDocumentSize=16777216, logicalSessionTimeoutMinutes=30, roundTripTimeNanos=28506800, minRoundTripTimeNanos=0}  
25-12-09 20:44:03.454  [main]  INFO   o.s.c.n.e.c.DiscoveryClientOptionalArgsConfiguration  -Eureka HTTP Client uses RestTemplate.  
25-12-09 20:44:03.514  [main]  WARN   o.s.c.l.c.LoadBalancerCacheAutoConfiguration$LoadBalancerCaffeineWarnLogger  -Spring Cloud LoadBalancer is currently working with the default cache. While this cache implementation is useful for development and tests, it's recommended to use Caffeine cache in production.You can switch to using Caffeine cache, by adding it and org.springframework.cache.caffeine.CaffeineCacheManager to the classpath.  
25-12-09 20:44:03.545  [main]  INFO   o.s.c.n.eureka.InstanceInfoFactory  -Setting initial instance status as: STARTING  
25-12-09 20:44:03.582  [main]  INFO   c.netflix.discovery.DiscoveryClient  -Initializing Eureka in region us-east-1  
25-12-09 20:44:03.587  [main]  INFO   c.n.d.s.r.aws.ConfigClusterResolver  -Resolving eureka endpoints via configuration  
25-12-09 20:44:03.600  [main]  INFO   c.netflix.discovery.DiscoveryClient  -Disable delta property : false  
25-12-09 20:44:03.600  [main]  INFO   c.netflix.discovery.DiscoveryClient  -Single vip registry refresh property : null  
25-12-09 20:44:03.600  [main]  INFO   c.netflix.discovery.DiscoveryClient  -Force full registry fetch : false  
25-12-09 20:44:03.600  [main]  INFO   c.netflix.discovery.DiscoveryClient  -Application is null : false  
25-12-09 20:44:03.600  [main]  INFO   c.netflix.discovery.DiscoveryClient  -Registered Applications size is zero : true  
25-12-09 20:44:03.600  [main]  INFO   c.netflix.discovery.DiscoveryClient  -Application version is -1: true  
25-12-09 20:44:03.600  [main]  INFO   c.netflix.discovery.DiscoveryClient  -Getting all instance registry info from the eureka server  
25-12-09 20:44:04.026  [main]  INFO   c.netflix.discovery.DiscoveryClient  -The response status is 200  
25-12-09 20:44:04.028  [main]  INFO   c.netflix.discovery.DiscoveryClient  -Starting heartbeat executor: renew interval is: 30  
25-12-09 20:44:04.030  [main]  INFO   c.n.discovery.InstanceInfoReplicator  -InstanceInfoReplicator onDemand update allowed rate per min is 4  
25-12-09 20:44:04.032  [main]  INFO   c.netflix.discovery.DiscoveryClient  -Discovery Client initialized at timestamp 1765293244031 with initial instances count: 0  
25-12-09 20:44:04.036  [main]  INFO   o.s.c.n.e.s.EurekaServiceRegistry  -Registering application CUSTOMER-SERVICE with eureka with status UP  
25-12-09 20:44:04.037  [main]  INFO   c.netflix.discovery.DiscoveryClient  -Saw local status change event StatusChangeEvent [timestamp=1765293244037, current=UP, previous=STARTING]  
25-12-09 20:44:04.040  [main]  INFO   o.a.coyote.http11.Http11NioProtocol  -Starting ProtocolHandler ["http-nio-8090"]  
25-12-09 20:44:04.040  [DiscoveryClient-InstanceInfoReplicator-%d]  INFO   c.netflix.discovery.DiscoveryClient  -DiscoveryClient_CUSTOMER-SERVICE/Adnan_ASUS:customer-service:8090: registering service...  
25-12-09 20:44:04.066  [main]  INFO   o.s.b.w.e.tomcat.TomcatWebServer  -Tomcat started on port 8090 (http) with context path '/'  
25-12-09 20:44:04.066  [main]  INFO   o.s.c.n.e.s.EurekaAutoServiceRegistration  -Updating port to 8090  
25-12-09 20:44:04.082  [main]  INFO   c.a.ecommerce.CustomerApplication  -Started CustomerApplication in 4.372 seconds (process running for 5.422)  
25-12-09 20:44:04.102  [DiscoveryClient-InstanceInfoReplicator-%d]  INFO   c.netflix.discovery.DiscoveryClient  -DiscoveryClient_CUSTOMER-SERVICE/Adnan_ASUS:customer-service:8090 - registration status: 204  
