25-12-09 20:42:44.515  [SpringApplicationShutdownHook]  INFO   o.s.c.n.e.s.EurekaServiceRegistry  -Unregistering application CUSTOMER-SERVICE with eureka with status DOWN  
25-12-09 20:42:44.516  [SpringApplicationShutdownHook]  INFO   c.netflix.discovery.DiscoveryClient  -Saw local status change event StatusChangeEvent [timestamp=1765293164516, current=DOWN, previous=UP]  
25-12-09 20:42:44.517  [DiscoveryClient-InstanceInfoReplicator-%d]  INFO   c.netflix.discovery.DiscoveryClient  -DiscoveryClient_CUSTOMER-SERVICE/Adnan_ASUS:customer-service:8090: registering service...  
25-12-09 20:42:44.519  [SpringApplicationShutdownHook]  INFO   o.s.b.w.e.tomcat.GracefulShutdown  -Commencing graceful shutdown. Waiting for active requests to complete  
25-12-09 20:42:44.526  [tomcat-shutdown]  INFO   o.s.b.w.e.tomcat.GracefulShutdown  -Graceful shutdown complete  
25-12-09 20:42:44.537  [DiscoveryClient-InstanceInfoReplicator-%d]  INFO   c.netflix.discovery.DiscoveryClient  -DiscoveryClient_CUSTOMER-SERVICE/Adnan_ASUS:customer-service:8090 - registration status: 204  
25-12-09 20:42:44.539  [SpringApplicationShutdownHook]  INFO   c.netflix.discovery.DiscoveryClient  -Shutting down DiscoveryClient ...  
25-12-09 20:42:47.551  [SpringApplicationShutdownHook]  INFO   c.netflix.discovery.DiscoveryClient  -Unregistering ...  
25-12-09 20:42:47.570  [SpringApplicationShutdownHook]  INFO   c.netflix.discovery.DiscoveryClient  -DiscoveryClient_CUSTOMER-SERVICE/Adnan_ASUS:customer-service:8090 - deregister  status: 200  
25-12-09 20:42:47.570  [SpringApplicationShutdownHook]  INFO   c.netflix.discovery.DiscoveryClient  -Completed shut down of DiscoveryClient  
25-12-09 20:42:50.345  [background-preinit]  INFO   o.h.validator.internal.util.Version  -HV000001: Hibernate Validator 8.0.3.Final  
25-12-09 20:42:50.395  [main]  INFO   c.a.ecommerce.CustomerApplication  -Starting CustomerApplication using Java 21.0.8 with PID 28300 (C:\Users\adnan\IdeaProjects\Invilen-java\service1\customer\target\classes started by adnan in C:\Users\adnan\IdeaProjects\Invilen-java)  
25-12-09 20:42:50.396  [main]  INFO   c.a.ecommerce.CustomerApplication  -No active profile set, falling back to 1 default profile: "default"  
25-12-09 20:42:50.439  [main]  INFO   o.s.c.c.c.ConfigServerConfigDataLoader  -Fetching config from server at : http://localhost:8888  
25-12-09 20:42:50.439  [main]  INFO   o.s.c.c.c.ConfigServerConfigDataLoader  -Located environment: name=customer-service, profiles=[default], label=null, version=null, state=null  
25-12-09 20:42:51.101  [main]  INFO   o.s.d.r.c.RepositoryConfigurationDelegate  -Bootstrapping Spring Data MongoDB repositories in DEFAULT mode.  
25-12-09 20:42:51.240  [main]  INFO   o.s.d.r.c.RepositoryConfigurationDelegate  -Finished Spring Data repository scanning in 130 ms. Found 1 MongoDB repository interface.  
25-12-09 20:42:51.433  [main]  INFO   o.s.cloud.context.scope.GenericScope  -BeanFactory id=32ad7e78-b172-3073-90d1-77fd6bab135f  
25-12-09 20:42:51.800  [main]  INFO   o.s.b.w.e.tomcat.TomcatWebServer  -Tomcat initialized with port 8090 (http)  
25-12-09 20:42:51.811  [main]  INFO   o.a.coyote.http11.Http11NioProtocol  -Initializing ProtocolHandler ["http-nio-8090"]  
25-12-09 20:42:51.813  [main]  INFO   o.a.catalina.core.StandardService  -Starting service [Tomcat]  
25-12-09 20:42:51.813  [main]  INFO   o.a.catalina.core.StandardEngine  -Starting Servlet engine: [Apache Tomcat/10.1.44]  
25-12-09 20:42:51.884  [main]  INFO   o.a.c.c.C.[Tomcat].[localhost].[/]  -Initializing Spring embedded WebApplicationContext  
25-12-09 20:42:51.884  [main]  INFO   o.s.b.w.s.c.ServletWebServerApplicationContext  -Root WebApplicationContext: initialization completed in 1444 ms  
25-12-09 20:42:52.211  [main]  INFO   org.mongodb.driver.client  -MongoClient with metadata {"driver": {"name": "mongo-java-driver|sync|spring-boot", "version": "5.5.1"}, "os": {"type": "Windows", "name": "Windows 11", "architecture": "amd64", "version": "10.0"}, "platform": "Java/OpenLogic/21.0.8+9-adhoc.Administrator.jdk21u"} created with settings MongoClientSettings{readPreference=primary, writeConcern=WriteConcern{w=null, wTimeout=null ms, journal=null}, retryWrites=true, retryReads=true, readConcern=ReadConcern{level=null}, credential=MongoCredential{mechanism=null, userName='adnan', source='admin', password=<hidden>, mechanismProperties=<hidden>}, transportSettings=null, commandListeners=[], codecRegistry=ProvidersCodecRegistry{codecProviders=[ValueCodecProvider{}, BsonValueCodecProvider{}, DBRefCodecProvider{}, DBObjectCodecProvider{}, DocumentCodecProvider{}, CollectionCodecProvider{}, IterableCodecProvider{}, MapCodecProvider{}, GeoJsonCodecProvider{}, GridFSFileCodecProvider{}, Jsr310CodecProvider{}, JsonObjectCodecProvider{}, BsonCodecProvider{}, EnumCodecProvider{}, com.mongodb.client.model.mql.ExpressionCodecProvider@6caa4dc5, com.mongodb.Jep395RecordCodecProvider@6ed51944, com.mongodb.KotlinCodecProvider@60c98f25]}, loggerSettings=LoggerSettings{maxDocumentLength=1000}, clusterSettings={hosts=[localhost:27018], srvServiceName=mongodb, mode=SINGLE, requiredClusterType=UNKNOWN, requiredReplicaSetName='null', serverSelector='null', clusterListeners='[]', serverSelectionTimeout='30000 ms', localThreshold='15 ms'}, socketSettings=SocketSettings{connectTimeoutMS=10000, readTimeoutMS=0, receiveBufferSize=0, proxySettings=ProxySettings{host=null, port=null, username=null, password=null}}, heartbeatSocketSettings=SocketSettings{connectTimeoutMS=10000, readTimeoutMS=10000, receiveBufferSize=0, proxySettings=ProxySettings{host=null, port=null, username=null, password=null}}, connectionPoolSettings=ConnectionPoolSettings{maxSize=100, minSize=0, maxWaitTimeMS=120000, maxConnectionLifeTimeMS=0, maxConnectionIdleTimeMS=0, maintenanceInitialDelayMS=0, maintenanceFrequencyMS=60000, connectionPoolListeners=[], maxConnecting=2}, serverSettings=ServerSettings{heartbeatFrequencyMS=10000, minHeartbeatFrequencyMS=500, serverMonitoringMode=AUTO, serverListeners='[]', serverMonitorListeners='[]'}, sslSettings=SslSettings{enabled=false, invalidHostNameAllowed=false, context=null}, applicationName='null', compressorList=[], uuidRepresentation=JAVA_LEGACY, serverApi=null, autoEncryptionSettings=null, dnsClient=null, inetAddressResolver=null, contextProvider=null, timeoutMS=null}  
25-12-09 20:42:52.222  [cluster-ClusterId{value='69383c7469e447f411ef9993', description='null'}-localhost:27018]  INFO   org.mongodb.driver.cluster  -Monitor thread successfully connected to server with description ServerDescription{address=localhost:27018, type=STANDALONE, cryptd=false, state=CONNECTED, ok=true, minWireVersion=0, maxWireVersion=27, maxDocumentSize=16777216, logicalSessionTimeoutMinutes=30, roundTripTimeNanos=25965400, minRoundTripTimeNanos=0}  
25-12-09 20:42:53.296  [main]  INFO   o.s.c.n.e.c.DiscoveryClientOptionalArgsConfiguration  -Eureka HTTP Client uses RestTemplate.  
25-12-09 20:42:53.355  [main]  WARN   o.s.c.l.c.LoadBalancerCacheAutoConfiguration$LoadBalancerCaffeineWarnLogger  -Spring Cloud LoadBalancer is currently working with the default cache. While this cache implementation is useful for development and tests, it's recommended to use Caffeine cache in production.You can switch to using Caffeine cache, by adding it and org.springframework.cache.caffeine.CaffeineCacheManager to the classpath.  
25-12-09 20:42:53.391  [main]  INFO   o.s.c.n.eureka.InstanceInfoFactory  -Setting initial instance status as: STARTING  
25-12-09 20:42:53.422  [main]  INFO   c.netflix.discovery.DiscoveryClient  -Initializing Eureka in region us-east-1  
25-12-09 20:42:53.427  [main]  INFO   c.n.d.s.r.aws.ConfigClusterResolver  -Resolving eureka endpoints via configuration  
25-12-09 20:42:53.439  [main]  INFO   c.netflix.discovery.DiscoveryClient  -Disable delta property : false  
25-12-09 20:42:53.440  [main]  INFO   c.netflix.discovery.DiscoveryClient  -Single vip registry refresh property : null  
25-12-09 20:42:53.440  [main]  INFO   c.netflix.discovery.DiscoveryClient  -Force full registry fetch : false  
25-12-09 20:42:53.440  [main]  INFO   c.netflix.discovery.DiscoveryClient  -Application is null : false  
25-12-09 20:42:53.440  [main]  INFO   c.netflix.discovery.DiscoveryClient  -Registered Applications size is zero : true  
25-12-09 20:42:53.440  [main]  INFO   c.netflix.discovery.DiscoveryClient  -Application version is -1: true  
25-12-09 20:42:53.440  [main]  INFO   c.netflix.discovery.DiscoveryClient  -Getting all instance registry info from the eureka server  
25-12-09 20:42:53.754  [main]  INFO   c.netflix.discovery.DiscoveryClient  -The response status is 200  
25-12-09 20:42:53.769  [main]  INFO   c.netflix.discovery.DiscoveryClient  -Starting heartbeat executor: renew interval is: 30  
25-12-09 20:42:53.770  [main]  INFO   c.n.discovery.InstanceInfoReplicator  -InstanceInfoReplicator onDemand update allowed rate per min is 4  
25-12-09 20:42:53.772  [main]  INFO   c.netflix.discovery.DiscoveryClient  -Discovery Client initialized at timestamp 1765293173771 with initial instances count: 1  
25-12-09 20:42:53.777  [main]  INFO   o.s.c.n.e.s.EurekaServiceRegistry  -Registering application CUSTOMER-SERVICE with eureka with status UP  
25-12-09 20:42:53.777  [main]  INFO   c.netflix.discovery.DiscoveryClient  -Saw local status change event StatusChangeEvent [timestamp=1765293173777, current=UP, previous=STARTING]  
25-12-09 20:42:53.779  [main]  INFO   o.a.coyote.http11.Http11NioProtocol  -Starting ProtocolHandler ["http-nio-8090"]  
25-12-09 20:42:53.779  [DiscoveryClient-InstanceInfoReplicator-%d]  INFO   c.netflix.discovery.DiscoveryClient  -DiscoveryClient_CUSTOMER-SERVICE/Adnan_ASUS:customer-service:8090: registering service...  
25-12-09 20:42:53.795  [main]  INFO   o.s.b.w.e.tomcat.TomcatWebServer  -Tomcat started on port 8090 (http) with context path '/'  
25-12-09 20:42:53.796  [main]  INFO   o.s.c.n.e.s.EurekaAutoServiceRegistration  -Updating port to 8090  
25-12-09 20:42:53.811  [main]  INFO   c.a.ecommerce.CustomerApplication  -Started CustomerApplication in 4.403 seconds (process running for 5.331)  
25-12-09 20:42:53.820  [DiscoveryClient-InstanceInfoReplicator-%d]  INFO   c.netflix.discovery.DiscoveryClient  -DiscoveryClient_CUSTOMER-SERVICE/Adnan_ASUS:customer-service:8090 - registration status: 204  
